#! /usr/bin/vvp
:ivl_version "10.3 (stable)";
:ivl_delay_selection "TYPICAL";
:vpi_time_precision + 0;
:vpi_module "system";
:vpi_module "vhdl_sys";
:vpi_module "v2005_math";
:vpi_module "va_math";
S_0x55b29343ed90 .scope module, "testbench" "testbench" 2 1;
 .timescale 0 0;
P_0x55b2934513b0 .param/l "A" 0 2 4, C4<0000000000100110>;
P_0x55b2934513f0 .param/l "B" 0 2 5, C4<0000000101001101>;
P_0x55b293451430 .param/l "C" 0 2 6, C4<0001001100100110>;
P_0x55b293451470 .param/l "X" 0 2 3, C4<0000000000010111>;
v0x55b293476c70_0 .var "ck", 0 0;
v0x55b293476d30_0 .var "inicio", 0 0;
v0x55b293476e40_0 .net "overflow", 0 0, v0x55b293474230_0;  1 drivers
v0x55b293476ee0_0 .net "pronto", 0 0, v0x55b2934703e0_0;  1 drivers
v0x55b293476f80_0 .net "resultado", 15 0, L_0x55b29342b0a0;  1 drivers
v0x55b2934770c0_0 .var "rst", 0 0;
S_0x55b2934388a0 .scope module, "p" "projeto" 2 15, 3 1 0, S_0x55b29343ed90;
 .timescale 0 0;
    .port_info 0 /INPUT 1 "ck"
    .port_info 1 /INPUT 1 "inicio"
    .port_info 2 /INPUT 1 "rst"
    .port_info 3 /INPUT 16 "X"
    .port_info 4 /INPUT 16 "A"
    .port_info 5 /INPUT 16 "B"
    .port_info 6 /INPUT 16 "C"
    .port_info 7 /OUTPUT 1 "pronto"
    .port_info 8 /OUTPUT 1 "overflow"
    .port_info 9 /OUTPUT 16 "resultado"
L_0x7fd0a307e0a8 .functor BUFT 1, C4<0000000000100110>, C4<0>, C4<0>, C4<0>;
v0x55b293475d30_0 .net "A", 15 0, L_0x7fd0a307e0a8;  1 drivers
L_0x7fd0a307e0f0 .functor BUFT 1, C4<0000000101001101>, C4<0>, C4<0>, C4<0>;
v0x55b293475e10_0 .net "B", 15 0, L_0x7fd0a307e0f0;  1 drivers
L_0x7fd0a307e138 .functor BUFT 1, C4<0001001100100110>, C4<0>, C4<0>, C4<0>;
v0x55b293475f20_0 .net "C", 15 0, L_0x7fd0a307e138;  1 drivers
L_0x7fd0a307e060 .functor BUFT 1, C4<0000000000010111>, C4<0>, C4<0>, C4<0>;
v0x55b293476010_0 .net "X", 15 0, L_0x7fd0a307e060;  1 drivers
v0x55b293476120_0 .net "ck", 0 0, v0x55b293476c70_0;  1 drivers
v0x55b293476210_0 .net "h", 0 0, v0x55b29344f260_0;  1 drivers
v0x55b2934762b0_0 .net "inicio", 0 0, v0x55b293476d30_0;  1 drivers
v0x55b293476350_0 .net "lh", 0 0, v0x55b29346feb0_0;  1 drivers
v0x55b2934763f0_0 .net "ls", 0 0, v0x55b29346ff70_0;  1 drivers
v0x55b293476490_0 .net "lx", 0 0, v0x55b293470080_0;  1 drivers
v0x55b293476530_0 .net "m0", 1 0, v0x55b293470140_0;  1 drivers
v0x55b2934765d0_0 .net "m1", 1 0, v0x55b293470220_0;  1 drivers
v0x55b293476690_0 .net "m2", 1 0, v0x55b293470300_0;  1 drivers
v0x55b293476750_0 .net "overflow", 0 0, v0x55b293474230_0;  alias, 1 drivers
v0x55b2934767f0_0 .net "pronto", 0 0, v0x55b2934703e0_0;  alias, 1 drivers
v0x55b2934768e0_0 .net "resultado", 15 0, L_0x55b29342b0a0;  alias, 1 drivers
v0x55b2934769a0_0 .net "rst", 0 0, v0x55b2934770c0_0;  1 drivers
S_0x55b293438b20 .scope module, "c" "controle" 3 17, 4 1 0, S_0x55b2934388a0;
 .timescale 0 0;
    .port_info 0 /INPUT 1 "ck"
    .port_info 1 /INPUT 1 "inicio"
    .port_info 2 /INPUT 1 "rst"
    .port_info 3 /OUTPUT 1 "lx"
    .port_info 4 /OUTPUT 2 "m0"
    .port_info 5 /OUTPUT 2 "m1"
    .port_info 6 /OUTPUT 2 "m2"
    .port_info 7 /OUTPUT 1 "h"
    .port_info 8 /OUTPUT 1 "ls"
    .port_info 9 /OUTPUT 1 "lh"
    .port_info 10 /OUTPUT 1 "pronto"
P_0x55b293424400 .param/l "A" 0 4 16, C4<0000>;
P_0x55b293424440 .param/l "B" 0 4 16, C4<0001>;
P_0x55b293424480 .param/l "C" 0 4 16, C4<0010>;
P_0x55b2934244c0 .param/l "D" 0 4 16, C4<0011>;
P_0x55b293424500 .param/l "E" 0 4 16, C4<0100>;
P_0x55b293424540 .param/l "F" 0 4 16, C4<0101>;
P_0x55b293424580 .param/l "G" 0 4 16, C4<0110>;
P_0x55b2934245c0 .param/l "H" 0 4 16, C4<0111>;
P_0x55b293424600 .param/l "I" 0 4 16, C4<1000>;
P_0x55b293424640 .param/l "J" 0 4 16, C4<1001>;
v0x55b29344fcd0_0 .net "ck", 0 0, v0x55b293476c70_0;  alias, 1 drivers
v0x55b29344f260_0 .var "h", 0 0;
v0x55b29346fe10_0 .net "inicio", 0 0, v0x55b293476d30_0;  alias, 1 drivers
v0x55b29346feb0_0 .var "lh", 0 0;
v0x55b29346ff70_0 .var "ls", 0 0;
v0x55b293470080_0 .var "lx", 0 0;
v0x55b293470140_0 .var "m0", 1 0;
v0x55b293470220_0 .var "m1", 1 0;
v0x55b293470300_0 .var "m2", 1 0;
v0x55b2934703e0_0 .var "pronto", 0 0;
v0x55b2934704a0_0 .net "rst", 0 0, v0x55b2934770c0_0;  alias, 1 drivers
v0x55b293470560_0 .var "state", 3 0;
E_0x55b293429be0/0 .event edge, v0x55b2934704a0_0;
E_0x55b293429be0/1 .event posedge, v0x55b29344fcd0_0;
E_0x55b293429be0 .event/or E_0x55b293429be0/0, E_0x55b293429be0/1;
S_0x55b2934707a0 .scope module, "op" "operativo" 3 18, 5 1 0, S_0x55b2934388a0;
 .timescale 0 0;
    .port_info 0 /INPUT 1 "ck"
    .port_info 1 /INPUT 1 "rst"
    .port_info 2 /INPUT 1 "lx"
    .port_info 3 /INPUT 2 "m0"
    .port_info 4 /INPUT 2 "m1"
    .port_info 5 /INPUT 2 "m2"
    .port_info 6 /INPUT 1 "h"
    .port_info 7 /INPUT 1 "ls"
    .port_info 8 /INPUT 1 "lh"
    .port_info 9 /INPUT 16 "X"
    .port_info 10 /INPUT 16 "A"
    .port_info 11 /INPUT 16 "B"
    .port_info 12 /INPUT 16 "C"
    .port_info 13 /INPUT 1 "pronto"
    .port_info 14 /OUTPUT 1 "overflow"
    .port_info 15 /OUTPUT 16 "resultado"
P_0x55b293470940 .param/l "Zero" 0 5 23, C4<0000000000000000>;
L_0x55b29342b0a0 .functor BUFZ 16, v0x55b293473be0_0, C4<0000000000000000>, C4<0000000000000000>, C4<0000000000000000>;
v0x55b293474650_0 .net "A", 15 0, L_0x7fd0a307e0a8;  alias, 1 drivers
v0x55b293474730_0 .net "B", 15 0, L_0x7fd0a307e0f0;  alias, 1 drivers
v0x55b293474800_0 .net "C", 15 0, L_0x7fd0a307e138;  alias, 1 drivers
v0x55b293474900_0 .net "RegH", 15 0, v0x55b293473390_0;  1 drivers
v0x55b2934749a0_0 .net "RegS", 15 0, v0x55b293473be0_0;  1 drivers
v0x55b293474a90_0 .net "RegX", 15 0, v0x55b293472b80_0;  1 drivers
v0x55b293474b50_0 .net "X", 15 0, L_0x7fd0a307e060;  alias, 1 drivers
v0x55b293474c10_0 .net "ck", 0 0, v0x55b293476c70_0;  alias, 1 drivers
v0x55b293474cb0_0 .net "h", 0 0, v0x55b29344f260_0;  alias, 1 drivers
v0x55b293474de0_0 .net "lh", 0 0, v0x55b29346feb0_0;  alias, 1 drivers
v0x55b293474e80_0 .net "ls", 0 0, v0x55b29346ff70_0;  alias, 1 drivers
v0x55b293474f70_0 .net "lx", 0 0, v0x55b293470080_0;  alias, 1 drivers
v0x55b293475060_0 .net "m0", 1 0, v0x55b293470140_0;  alias, 1 drivers
v0x55b293475150_0 .net "m1", 1 0, v0x55b293470220_0;  alias, 1 drivers
v0x55b293475260_0 .net "m2", 1 0, v0x55b293470300_0;  alias, 1 drivers
v0x55b293475370_0 .net "outm0", 15 0, v0x55b2934711d0_0;  1 drivers
v0x55b293475430_0 .net "outm1", 15 0, v0x55b293471a60_0;  1 drivers
v0x55b293475650_0 .net "outm2", 15 0, v0x55b293472340_0;  1 drivers
v0x55b293475760_0 .net "overflow", 0 0, v0x55b293474230_0;  alias, 1 drivers
v0x55b293475800_0 .net "pronto", 0 0, v0x55b2934703e0_0;  alias, 1 drivers
v0x55b2934758a0_0 .net "res", 15 0, v0x55b2934742d0_0;  1 drivers
v0x55b293475940_0 .net "resultado", 15 0, L_0x55b29342b0a0;  alias, 1 drivers
v0x55b293475a00_0 .net "rst", 0 0, v0x55b2934770c0_0;  alias, 1 drivers
S_0x55b293470bc0 .scope module, "M0" "mux" 5 27, 6 1 0, S_0x55b2934707a0;
 .timescale 0 0;
    .port_info 0 /INPUT 16 "a"
    .port_info 1 /INPUT 16 "b"
    .port_info 2 /INPUT 16 "c"
    .port_info 3 /INPUT 16 "d"
    .port_info 4 /INPUT 2 "sel"
    .port_info 5 /OUTPUT 16 "out"
L_0x7fd0a307e018 .functor BUFT 1, C4<0000000000000000>, C4<0>, C4<0>, C4<0>;
v0x55b293470e50_0 .net "a", 15 0, L_0x7fd0a307e018;  1 drivers
v0x55b293470f50_0 .net "b", 15 0, L_0x7fd0a307e0a8;  alias, 1 drivers
v0x55b293471030_0 .net "c", 15 0, L_0x7fd0a307e0f0;  alias, 1 drivers
v0x55b2934710f0_0 .net "d", 15 0, L_0x7fd0a307e138;  alias, 1 drivers
v0x55b2934711d0_0 .var "out", 15 0;
v0x55b293471300_0 .net "sel", 1 0, v0x55b293470140_0;  alias, 1 drivers
E_0x55b293428ed0/0 .event edge, v0x55b293470140_0, v0x55b2934710f0_0, v0x55b293471030_0, v0x55b293470f50_0;
E_0x55b293428ed0/1 .event edge, v0x55b293470e50_0;
E_0x55b293428ed0 .event/or E_0x55b293428ed0/0, E_0x55b293428ed0/1;
S_0x55b293471460 .scope module, "M1" "mux" 5 28, 6 1 0, S_0x55b2934707a0;
 .timescale 0 0;
    .port_info 0 /INPUT 16 "a"
    .port_info 1 /INPUT 16 "b"
    .port_info 2 /INPUT 16 "c"
    .port_info 3 /INPUT 16 "d"
    .port_info 4 /INPUT 2 "sel"
    .port_info 5 /OUTPUT 16 "out"
v0x55b293471720_0 .net "a", 15 0, v0x55b2934711d0_0;  alias, 1 drivers
v0x55b293471800_0 .net "b", 15 0, v0x55b293472b80_0;  alias, 1 drivers
v0x55b2934718c0_0 .net "c", 15 0, v0x55b293473be0_0;  alias, 1 drivers
v0x55b293471980_0 .net "d", 15 0, v0x55b293473390_0;  alias, 1 drivers
v0x55b293471a60_0 .var "out", 15 0;
v0x55b293471b90_0 .net "sel", 1 0, v0x55b293470220_0;  alias, 1 drivers
E_0x55b293451b30/0 .event edge, v0x55b293470220_0, v0x55b293471980_0, v0x55b2934718c0_0, v0x55b293471800_0;
E_0x55b293451b30/1 .event edge, v0x55b2934711d0_0;
E_0x55b293451b30 .event/or E_0x55b293451b30/0, E_0x55b293451b30/1;
S_0x55b293471cf0 .scope module, "M2" "mux" 5 29, 6 1 0, S_0x55b2934707a0;
 .timescale 0 0;
    .port_info 0 /INPUT 16 "a"
    .port_info 1 /INPUT 16 "b"
    .port_info 2 /INPUT 16 "c"
    .port_info 3 /INPUT 16 "d"
    .port_info 4 /INPUT 2 "sel"
    .port_info 5 /OUTPUT 16 "out"
v0x55b293471fd0_0 .net "a", 15 0, v0x55b293472b80_0;  alias, 1 drivers
v0x55b2934720b0_0 .net "b", 15 0, v0x55b2934711d0_0;  alias, 1 drivers
v0x55b2934721a0_0 .net "c", 15 0, v0x55b293473be0_0;  alias, 1 drivers
v0x55b293472270_0 .net "d", 15 0, v0x55b293473390_0;  alias, 1 drivers
v0x55b293472340_0 .var "out", 15 0;
v0x55b293472450_0 .net "sel", 1 0, v0x55b293470300_0;  alias, 1 drivers
E_0x55b293471f60/0 .event edge, v0x55b293470300_0, v0x55b293471980_0, v0x55b2934718c0_0, v0x55b2934711d0_0;
E_0x55b293471f60/1 .event edge, v0x55b293471800_0;
E_0x55b293471f60 .event/or E_0x55b293471f60/0, E_0x55b293471f60/1;
S_0x55b2934725f0 .scope module, "R1" "regg" 5 25, 7 1 0, S_0x55b2934707a0;
 .timescale 0 0;
    .port_info 0 /INPUT 1 "ck"
    .port_info 1 /INPUT 1 "rst"
    .port_info 2 /INPUT 16 "v"
    .port_info 3 /INPUT 1 "l"
    .port_info 4 /OUTPUT 16 "r"
P_0x55b2934727c0 .param/l "Zero" 0 7 9, C4<0000000000000000>;
v0x55b2934729c0_0 .net "ck", 0 0, v0x55b293476c70_0;  alias, 1 drivers
v0x55b293472ab0_0 .net "l", 0 0, v0x55b293470080_0;  alias, 1 drivers
v0x55b293472b80_0 .var "r", 15 0;
v0x55b293472c50_0 .net "rst", 0 0, v0x55b2934770c0_0;  alias, 1 drivers
v0x55b293472cf0_0 .net "v", 15 0, L_0x7fd0a307e060;  alias, 1 drivers
E_0x55b29342a5f0 .event posedge, v0x55b29344fcd0_0;
S_0x55b293472e60 .scope module, "R2" "regg" 5 33, 7 1 0, S_0x55b2934707a0;
 .timescale 0 0;
    .port_info 0 /INPUT 1 "ck"
    .port_info 1 /INPUT 1 "rst"
    .port_info 2 /INPUT 16 "v"
    .port_info 3 /INPUT 1 "l"
    .port_info 4 /OUTPUT 16 "r"
P_0x55b293473080 .param/l "Zero" 0 7 9, C4<0000000000000000>;
v0x55b293473210_0 .net "ck", 0 0, v0x55b293476c70_0;  alias, 1 drivers
v0x55b2934732d0_0 .net "l", 0 0, v0x55b29346feb0_0;  alias, 1 drivers
v0x55b293473390_0 .var "r", 15 0;
v0x55b293473480_0 .net "rst", 0 0, v0x55b2934770c0_0;  alias, 1 drivers
v0x55b293473570_0 .net "v", 15 0, v0x55b2934742d0_0;  alias, 1 drivers
S_0x55b293473700 .scope module, "R3" "regg" 5 34, 7 1 0, S_0x55b2934707a0;
 .timescale 0 0;
    .port_info 0 /INPUT 1 "ck"
    .port_info 1 /INPUT 1 "rst"
    .port_info 2 /INPUT 16 "v"
    .port_info 3 /INPUT 1 "l"
    .port_info 4 /OUTPUT 16 "r"
P_0x55b2934738d0 .param/l "Zero" 0 7 9, C4<0000000000000000>;
v0x55b293473a60_0 .net "ck", 0 0, v0x55b293476c70_0;  alias, 1 drivers
v0x55b293473b20_0 .net "l", 0 0, v0x55b29346ff70_0;  alias, 1 drivers
v0x55b293473be0_0 .var "r", 15 0;
v0x55b293473c80_0 .net "rst", 0 0, v0x55b2934770c0_0;  alias, 1 drivers
v0x55b293473d20_0 .net "v", 15 0, v0x55b2934742d0_0;  alias, 1 drivers
S_0x55b293473e70 .scope module, "U" "ula" 5 31, 8 1 0, S_0x55b2934707a0;
 .timescale 0 0;
    .port_info 0 /INPUT 16 "v1"
    .port_info 1 /INPUT 16 "v2"
    .port_info 2 /INPUT 1 "h"
    .port_info 3 /OUTPUT 1 "overflow"
    .port_info 4 /OUTPUT 16 "r"
v0x55b293474140_0 .net "h", 0 0, v0x55b29344f260_0;  alias, 1 drivers
v0x55b293474230_0 .var "overflow", 0 0;
v0x55b2934742d0_0 .var "r", 15 0;
v0x55b2934743f0_0 .net "v1", 15 0, v0x55b293471a60_0;  alias, 1 drivers
v0x55b2934744b0_0 .net "v2", 15 0, v0x55b293472340_0;  alias, 1 drivers
E_0x55b2934740c0 .event edge, v0x55b293472340_0, v0x55b293471a60_0, v0x55b29344f260_0;
    .scope S_0x55b293438b20;
T_0 ;
    %pushi/vec4 0, 0, 4;
    %store/vec4 v0x55b293470560_0, 0, 4;
    %end;
    .thread T_0;
    .scope S_0x55b293438b20;
T_1 ;
    %wait E_0x55b293429be0;
    %load/vec4 v0x55b2934704a0_0;
    %pad/u 32;
    %cmpi/e 1, 0, 32;
    %jmp/0xz  T_1.0, 4;
    %pushi/vec4 0, 0, 4;
    %assign/vec4 v0x55b293470560_0, 0;
    %jmp T_1.1;
T_1.0 ;
    %load/vec4 v0x55b293470560_0;
    %dup/vec4;
    %pushi/vec4 0, 0, 4;
    %cmp/u;
    %jmp/1 T_1.2, 6;
    %dup/vec4;
    %pushi/vec4 1, 0, 4;
    %cmp/u;
    %jmp/1 T_1.3, 6;
    %dup/vec4;
    %pushi/vec4 2, 0, 4;
    %cmp/u;
    %jmp/1 T_1.4, 6;
    %dup/vec4;
    %pushi/vec4 3, 0, 4;
    %cmp/u;
    %jmp/1 T_1.5, 6;
    %dup/vec4;
    %pushi/vec4 4, 0, 4;
    %cmp/u;
    %jmp/1 T_1.6, 6;
    %dup/vec4;
    %pushi/vec4 5, 0, 4;
    %cmp/u;
    %jmp/1 T_1.7, 6;
    %dup/vec4;
    %pushi/vec4 6, 0, 4;
    %cmp/u;
    %jmp/1 T_1.8, 6;
    %dup/vec4;
    %pushi/vec4 7, 0, 4;
    %cmp/u;
    %jmp/1 T_1.9, 6;
    %dup/vec4;
    %pushi/vec4 8, 0, 4;
    %cmp/u;
    %jmp/1 T_1.10, 6;
    %dup/vec4;
    %pushi/vec4 9, 0, 4;
    %cmp/u;
    %jmp/1 T_1.11, 6;
    %jmp T_1.12;
T_1.2 ;
    %pushi/vec4 0, 0, 1;
    %assign/vec4 v0x55b293470080_0, 0;
    %pushi/vec4 0, 0, 2;
    %assign/vec4 v0x55b293470140_0, 0;
    %pushi/vec4 0, 0, 2;
    %assign/vec4 v0x55b293470220_0, 0;
    %pushi/vec4 0, 0, 2;
    %assign/vec4 v0x55b293470300_0, 0;
    %pushi/vec4 0, 0, 1;
    %assign/vec4 v0x55b29344f260_0, 0;
    %pushi/vec4 0, 0, 1;
    %assign/vec4 v0x55b29346ff70_0, 0;
    %pushi/vec4 0, 0, 1;
    %assign/vec4 v0x55b29346feb0_0, 0;
    %pushi/vec4 0, 0, 1;
    %assign/vec4 v0x55b2934703e0_0, 0;
    %load/vec4 v0x55b29346fe10_0;
    %pad/u 32;
    %cmpi/e 1, 0, 32;
    %jmp/0xz  T_1.13, 4;
    %pushi/vec4 1, 0, 4;
    %assign/vec4 v0x55b293470560_0, 0;
    %jmp T_1.14;
T_1.13 ;
    %pushi/vec4 0, 0, 4;
    %assign/vec4 v0x55b293470560_0, 0;
T_1.14 ;
    %jmp T_1.12;
T_1.3 ;
    %pushi/vec4 1, 0, 1;
    %assign/vec4 v0x55b293470080_0, 0;
    %pushi/vec4 1, 0, 2;
    %assign/vec4 v0x55b293470140_0, 0;
    %pushi/vec4 0, 0, 2;
    %assign/vec4 v0x55b293470220_0, 0;
    %pushi/vec4 0, 0, 2;
    %assign/vec4 v0x55b293470300_0, 0;
    %pushi/vec4 1, 0, 1;
    %assign/vec4 v0x55b29344f260_0, 0;
    %pushi/vec4 0, 0, 1;
    %assign/vec4 v0x55b29346ff70_0, 0;
    %pushi/vec4 0, 0, 1;
    %assign/vec4 v0x55b29346feb0_0, 0;
    %pushi/vec4 0, 0, 1;
    %assign/vec4 v0x55b2934703e0_0, 0;
    %pushi/vec4 2, 0, 4;
    %assign/vec4 v0x55b293470560_0, 0;
    %jmp T_1.12;
T_1.4 ;
    %pushi/vec4 0, 0, 1;
    %assign/vec4 v0x55b293470080_0, 0;
    %pushi/vec4 1, 0, 2;
    %assign/vec4 v0x55b293470140_0, 0;
    %pushi/vec4 0, 0, 2;
    %assign/vec4 v0x55b293470220_0, 0;
    %pushi/vec4 0, 0, 2;
    %assign/vec4 v0x55b293470300_0, 0;
    %pushi/vec4 1, 0, 1;
    %assign/vec4 v0x55b29344f260_0, 0;
    %pushi/vec4 0, 0, 1;
    %assign/vec4 v0x55b29346ff70_0, 0;
    %pushi/vec4 1, 0, 1;
    %assign/vec4 v0x55b29346feb0_0, 0;
    %pushi/vec4 0, 0, 1;
    %assign/vec4 v0x55b2934703e0_0, 0;
    %pushi/vec4 3, 0, 4;
    %assign/vec4 v0x55b293470560_0, 0;
    %jmp T_1.12;
T_1.5 ;
    %pushi/vec4 0, 0, 1;
    %assign/vec4 v0x55b293470080_0, 0;
    %pushi/vec4 2, 0, 2;
    %assign/vec4 v0x55b293470140_0, 0;
    %pushi/vec4 0, 0, 2;
    %assign/vec4 v0x55b293470220_0, 0;
    %pushi/vec4 3, 0, 2;
    %assign/vec4 v0x55b293470300_0, 0;
    %pushi/vec4 0, 0, 1;
    %assign/vec4 v0x55b29344f260_0, 0;
    %pushi/vec4 0, 0, 1;
    %assign/vec4 v0x55b29346ff70_0, 0;
    %pushi/vec4 0, 0, 1;
    %assign/vec4 v0x55b29346feb0_0, 0;
    %pushi/vec4 0, 0, 1;
    %assign/vec4 v0x55b2934703e0_0, 0;
    %pushi/vec4 4, 0, 4;
    %assign/vec4 v0x55b293470560_0, 0;
    %jmp T_1.12;
T_1.6 ;
    %pushi/vec4 0, 0, 1;
    %assign/vec4 v0x55b293470080_0, 0;
    %pushi/vec4 2, 0, 2;
    %assign/vec4 v0x55b293470140_0, 0;
    %pushi/vec4 0, 0, 2;
    %assign/vec4 v0x55b293470220_0, 0;
    %pushi/vec4 3, 0, 2;
    %assign/vec4 v0x55b293470300_0, 0;
    %pushi/vec4 0, 0, 1;
    %assign/vec4 v0x55b29344f260_0, 0;
    %pushi/vec4 0, 0, 1;
    %assign/vec4 v0x55b29346ff70_0, 0;
    %pushi/vec4 1, 0, 1;
    %assign/vec4 v0x55b29346feb0_0, 0;
    %pushi/vec4 0, 0, 1;
    %assign/vec4 v0x55b2934703e0_0, 0;
    %pushi/vec4 5, 0, 4;
    %assign/vec4 v0x55b293470560_0, 0;
    %jmp T_1.12;
T_1.7 ;
    %pushi/vec4 0, 0, 1;
    %assign/vec4 v0x55b293470080_0, 0;
    %pushi/vec4 0, 0, 2;
    %assign/vec4 v0x55b293470140_0, 0;
    %pushi/vec4 1, 0, 2;
    %assign/vec4 v0x55b293470220_0, 0;
    %pushi/vec4 3, 0, 2;
    %assign/vec4 v0x55b293470300_0, 0;
    %pushi/vec4 1, 0, 1;
    %assign/vec4 v0x55b29344f260_0, 0;
    %pushi/vec4 0, 0, 1;
    %assign/vec4 v0x55b29346ff70_0, 0;
    %pushi/vec4 0, 0, 1;
    %assign/vec4 v0x55b29346feb0_0, 0;
    %pushi/vec4 0, 0, 1;
    %assign/vec4 v0x55b2934703e0_0, 0;
    %pushi/vec4 6, 0, 4;
    %assign/vec4 v0x55b293470560_0, 0;
    %jmp T_1.12;
T_1.8 ;
    %pushi/vec4 0, 0, 1;
    %assign/vec4 v0x55b293470080_0, 0;
    %pushi/vec4 0, 0, 2;
    %assign/vec4 v0x55b293470140_0, 0;
    %pushi/vec4 1, 0, 2;
    %assign/vec4 v0x55b293470220_0, 0;
    %pushi/vec4 3, 0, 2;
    %assign/vec4 v0x55b293470300_0, 0;
    %pushi/vec4 1, 0, 1;
    %assign/vec4 v0x55b29344f260_0, 0;
    %pushi/vec4 0, 0, 1;
    %assign/vec4 v0x55b29346ff70_0, 0;
    %pushi/vec4 1, 0, 1;
    %assign/vec4 v0x55b29346feb0_0, 0;
    %pushi/vec4 0, 0, 1;
    %assign/vec4 v0x55b2934703e0_0, 0;
    %pushi/vec4 7, 0, 4;
    %assign/vec4 v0x55b293470560_0, 0;
    %jmp T_1.12;
T_1.9 ;
    %pushi/vec4 0, 0, 1;
    %assign/vec4 v0x55b293470080_0, 0;
    %pushi/vec4 3, 0, 2;
    %assign/vec4 v0x55b293470140_0, 0;
    %pushi/vec4 0, 0, 2;
    %assign/vec4 v0x55b293470220_0, 0;
    %pushi/vec4 3, 0, 2;
    %assign/vec4 v0x55b293470300_0, 0;
    %pushi/vec4 0, 0, 1;
    %assign/vec4 v0x55b29344f260_0, 0;
    %pushi/vec4 0, 0, 1;
    %assign/vec4 v0x55b29346ff70_0, 0;
    %pushi/vec4 0, 0, 1;
    %assign/vec4 v0x55b29346feb0_0, 0;
    %pushi/vec4 0, 0, 1;
    %assign/vec4 v0x55b2934703e0_0, 0;
    %pushi/vec4 8, 0, 4;
    %assign/vec4 v0x55b293470560_0, 0;
    %jmp T_1.12;
T_1.10 ;
    %pushi/vec4 0, 0, 1;
    %assign/vec4 v0x55b293470080_0, 0;
    %pushi/vec4 3, 0, 2;
    %assign/vec4 v0x55b293470140_0, 0;
    %pushi/vec4 0, 0, 2;
    %assign/vec4 v0x55b293470220_0, 0;
    %pushi/vec4 3, 0, 2;
    %assign/vec4 v0x55b293470300_0, 0;
    %pushi/vec4 0, 0, 1;
    %assign/vec4 v0x55b29344f260_0, 0;
    %pushi/vec4 1, 0, 1;
    %assign/vec4 v0x55b29346ff70_0, 0;
    %pushi/vec4 0, 0, 1;
    %assign/vec4 v0x55b29346feb0_0, 0;
    %pushi/vec4 0, 0, 1;
    %assign/vec4 v0x55b2934703e0_0, 0;
    %pushi/vec4 9, 0, 4;
    %assign/vec4 v0x55b293470560_0, 0;
    %jmp T_1.12;
T_1.11 ;
    %pushi/vec4 0, 0, 1;
    %assign/vec4 v0x55b293470080_0, 0;
    %pushi/vec4 0, 0, 2;
    %assign/vec4 v0x55b293470140_0, 0;
    %pushi/vec4 0, 0, 2;
    %assign/vec4 v0x55b293470220_0, 0;
    %pushi/vec4 0, 0, 2;
    %assign/vec4 v0x55b293470300_0, 0;
    %pushi/vec4 0, 0, 1;
    %assign/vec4 v0x55b29344f260_0, 0;
    %pushi/vec4 0, 0, 1;
    %assign/vec4 v0x55b29346ff70_0, 0;
    %pushi/vec4 0, 0, 1;
    %assign/vec4 v0x55b29346feb0_0, 0;
    %pushi/vec4 1, 0, 1;
    %assign/vec4 v0x55b2934703e0_0, 0;
    %pushi/vec4 0, 0, 4;
    %assign/vec4 v0x55b293470560_0, 0;
    %jmp T_1.12;
T_1.12 ;
    %pop/vec4 1;
T_1.1 ;
    %jmp T_1;
    .thread T_1;
    .scope S_0x55b2934725f0;
T_2 ;
    %wait E_0x55b29342a5f0;
    %load/vec4 v0x55b293472c50_0;
    %pad/u 32;
    %cmpi/e 1, 0, 32;
    %jmp/0xz  T_2.0, 4;
    %pushi/vec4 0, 0, 16;
    %store/vec4 v0x55b293472b80_0, 0, 16;
T_2.0 ;
    %load/vec4 v0x55b293472ab0_0;
    %pad/u 32;
    %cmpi/e 1, 0, 32;
    %jmp/0xz  T_2.2, 4;
    %load/vec4 v0x55b293472cf0_0;
    %store/vec4 v0x55b293472b80_0, 0, 16;
T_2.2 ;
    %jmp T_2;
    .thread T_2;
    .scope S_0x55b293470bc0;
T_3 ;
    %wait E_0x55b293428ed0;
    %load/vec4 v0x55b293471300_0;
    %dup/vec4;
    %pushi/vec4 0, 0, 2;
    %cmp/u;
    %jmp/1 T_3.0, 6;
    %dup/vec4;
    %pushi/vec4 1, 0, 2;
    %cmp/u;
    %jmp/1 T_3.1, 6;
    %dup/vec4;
    %pushi/vec4 2, 0, 2;
    %cmp/u;
    %jmp/1 T_3.2, 6;
    %dup/vec4;
    %pushi/vec4 3, 0, 2;
    %cmp/u;
    %jmp/1 T_3.3, 6;
    %jmp T_3.4;
T_3.0 ;
    %load/vec4 v0x55b293470e50_0;
    %store/vec4 v0x55b2934711d0_0, 0, 16;
    %jmp T_3.4;
T_3.1 ;
    %load/vec4 v0x55b293470f50_0;
    %store/vec4 v0x55b2934711d0_0, 0, 16;
    %jmp T_3.4;
T_3.2 ;
    %load/vec4 v0x55b293471030_0;
    %store/vec4 v0x55b2934711d0_0, 0, 16;
    %jmp T_3.4;
T_3.3 ;
    %load/vec4 v0x55b2934710f0_0;
    %store/vec4 v0x55b2934711d0_0, 0, 16;
    %jmp T_3.4;
T_3.4 ;
    %pop/vec4 1;
    %jmp T_3;
    .thread T_3, $push;
    .scope S_0x55b293471460;
T_4 ;
    %wait E_0x55b293451b30;
    %load/vec4 v0x55b293471b90_0;
    %dup/vec4;
    %pushi/vec4 0, 0, 2;
    %cmp/u;
    %jmp/1 T_4.0, 6;
    %dup/vec4;
    %pushi/vec4 1, 0, 2;
    %cmp/u;
    %jmp/1 T_4.1, 6;
    %dup/vec4;
    %pushi/vec4 2, 0, 2;
    %cmp/u;
    %jmp/1 T_4.2, 6;
    %dup/vec4;
    %pushi/vec4 3, 0, 2;
    %cmp/u;
    %jmp/1 T_4.3, 6;
    %jmp T_4.4;
T_4.0 ;
    %load/vec4 v0x55b293471720_0;
    %store/vec4 v0x55b293471a60_0, 0, 16;
    %jmp T_4.4;
T_4.1 ;
    %load/vec4 v0x55b293471800_0;
    %store/vec4 v0x55b293471a60_0, 0, 16;
    %jmp T_4.4;
T_4.2 ;
    %load/vec4 v0x55b2934718c0_0;
    %store/vec4 v0x55b293471a60_0, 0, 16;
    %jmp T_4.4;
T_4.3 ;
    %load/vec4 v0x55b293471980_0;
    %store/vec4 v0x55b293471a60_0, 0, 16;
    %jmp T_4.4;
T_4.4 ;
    %pop/vec4 1;
    %jmp T_4;
    .thread T_4, $push;
    .scope S_0x55b293471cf0;
T_5 ;
    %wait E_0x55b293471f60;
    %load/vec4 v0x55b293472450_0;
    %dup/vec4;
    %pushi/vec4 0, 0, 2;
    %cmp/u;
    %jmp/1 T_5.0, 6;
    %dup/vec4;
    %pushi/vec4 1, 0, 2;
    %cmp/u;
    %jmp/1 T_5.1, 6;
    %dup/vec4;
    %pushi/vec4 2, 0, 2;
    %cmp/u;
    %jmp/1 T_5.2, 6;
    %dup/vec4;
    %pushi/vec4 3, 0, 2;
    %cmp/u;
    %jmp/1 T_5.3, 6;
    %jmp T_5.4;
T_5.0 ;
    %load/vec4 v0x55b293471fd0_0;
    %store/vec4 v0x55b293472340_0, 0, 16;
    %jmp T_5.4;
T_5.1 ;
    %load/vec4 v0x55b2934720b0_0;
    %store/vec4 v0x55b293472340_0, 0, 16;
    %jmp T_5.4;
T_5.2 ;
    %load/vec4 v0x55b2934721a0_0;
    %store/vec4 v0x55b293472340_0, 0, 16;
    %jmp T_5.4;
T_5.3 ;
    %load/vec4 v0x55b293472270_0;
    %store/vec4 v0x55b293472340_0, 0, 16;
    %jmp T_5.4;
T_5.4 ;
    %pop/vec4 1;
    %jmp T_5;
    .thread T_5, $push;
    .scope S_0x55b293473e70;
T_6 ;
    %wait E_0x55b2934740c0;
    %load/vec4 v0x55b293474140_0;
    %dup/vec4;
    %pushi/vec4 0, 0, 1;
    %cmp/u;
    %jmp/1 T_6.0, 6;
    %dup/vec4;
    %pushi/vec4 1, 0, 1;
    %cmp/u;
    %jmp/1 T_6.1, 6;
    %jmp T_6.2;
T_6.0 ;
    %load/vec4 v0x55b2934743f0_0;
    %pad/u 17;
    %load/vec4 v0x55b2934744b0_0;
    %pad/u 17;
    %add;
    %split/vec4 16;
    %store/vec4 v0x55b2934742d0_0, 0, 16;
    %store/vec4 v0x55b293474230_0, 0, 1;
    %jmp T_6.2;
T_6.1 ;
    %load/vec4 v0x55b2934743f0_0;
    %pad/u 17;
    %load/vec4 v0x55b2934744b0_0;
    %pad/u 17;
    %mul;
    %split/vec4 16;
    %store/vec4 v0x55b2934742d0_0, 0, 16;
    %store/vec4 v0x55b293474230_0, 0, 1;
    %jmp T_6.2;
T_6.2 ;
    %pop/vec4 1;
    %jmp T_6;
    .thread T_6, $push;
    .scope S_0x55b293472e60;
T_7 ;
    %wait E_0x55b29342a5f0;
    %load/vec4 v0x55b293473480_0;
    %pad/u 32;
    %cmpi/e 1, 0, 32;
    %jmp/0xz  T_7.0, 4;
    %pushi/vec4 0, 0, 16;
    %store/vec4 v0x55b293473390_0, 0, 16;
T_7.0 ;
    %load/vec4 v0x55b2934732d0_0;
    %pad/u 32;
    %cmpi/e 1, 0, 32;
    %jmp/0xz  T_7.2, 4;
    %load/vec4 v0x55b293473570_0;
    %store/vec4 v0x55b293473390_0, 0, 16;
T_7.2 ;
    %jmp T_7;
    .thread T_7;
    .scope S_0x55b293473700;
T_8 ;
    %wait E_0x55b29342a5f0;
    %load/vec4 v0x55b293473c80_0;
    %pad/u 32;
    %cmpi/e 1, 0, 32;
    %jmp/0xz  T_8.0, 4;
    %pushi/vec4 0, 0, 16;
    %store/vec4 v0x55b293473be0_0, 0, 16;
T_8.0 ;
    %load/vec4 v0x55b293473b20_0;
    %pad/u 32;
    %cmpi/e 1, 0, 32;
    %jmp/0xz  T_8.2, 4;
    %load/vec4 v0x55b293473d20_0;
    %store/vec4 v0x55b293473be0_0, 0, 16;
T_8.2 ;
    %jmp T_8;
    .thread T_8;
    .scope S_0x55b29343ed90;
T_9 ;
    %pushi/vec4 0, 0, 1;
    %store/vec4 v0x55b293476c70_0, 0, 1;
    %end;
    .thread T_9;
    .scope S_0x55b29343ed90;
T_10 ;
    %delay 1, 0;
    %load/vec4 v0x55b293476c70_0;
    %inv;
    %assign/vec4 v0x55b293476c70_0, 0;
    %jmp T_10;
    .thread T_10;
    .scope S_0x55b29343ed90;
T_11 ;
    %vpi_call 2 22 "$dumpvars" {0 0 0};
    %pushi/vec4 0, 0, 1;
    %assign/vec4 v0x55b293476d30_0, 0;
    %pushi/vec4 0, 0, 1;
    %assign/vec4 v0x55b2934770c0_0, 0;
    %delay 2, 0;
    %pushi/vec4 1, 0, 1;
    %assign/vec4 v0x55b293476d30_0, 0;
    %delay 2, 0;
    %pushi/vec4 0, 0, 1;
    %assign/vec4 v0x55b293476d30_0, 0;
    %delay 20, 0;
    %pushi/vec4 1, 0, 1;
    %assign/vec4 v0x55b2934770c0_0, 0;
    %delay 2, 0;
    %pushi/vec4 0, 0, 1;
    %assign/vec4 v0x55b2934770c0_0, 0;
    %vpi_call 2 33 "$finish" {0 0 0};
    %end;
    .thread T_11;
# The file index is used to find the file name in the following table.
:file_names 9;
    "N/A";
    "<interactive>";
    "testbench.v";
    "projeto.v";
    "controle.v";
    "operativo.v";
    "mux.v";
    "regg.v";
    "ula.v";
